[debug] [2025-01-16T02:16:47.080Z] ----------------------------------------------------------------------
[debug] [2025-01-16T02:16:47.081Z] Command:       /usr/local/bin/node /usr/local/bin/firebase init
[debug] [2025-01-16T02:16:47.081Z] CLI Version:   13.29.1
[debug] [2025-01-16T02:16:47.081Z] Platform:      darwin
[debug] [2025-01-16T02:16:47.081Z] Node Version:  v22.13.0
[debug] [2025-01-16T02:16:47.081Z] Time:          Thu Jan 16 2025 09:16:47 GMT+0700 (Indochina Time)
[debug] [2025-01-16T02:16:47.081Z] ----------------------------------------------------------------------
[debug] 
[debug] [2025-01-16T02:16:47.084Z] > command requires scopes: ["email","openid","https://www.googleapis.com/auth/cloudplatformprojects.readonly","https://www.googleapis.com/auth/firebase","https://www.googleapis.com/auth/cloud-platform"]
[debug] [2025-01-16T02:16:47.084Z] > authorizing via signed-in user (leducnh2k1@gmail.com)
[info] 
     ######## #### ########  ######## ########     ###     ######  ########
     ##        ##  ##     ## ##       ##     ##  ##   ##  ##       ##
     ######    ##  ########  ######   ########  #########  ######  ######
     ##        ##  ##    ##  ##       ##     ## ##     ##       ## ##
     ##       #### ##     ## ######## ########  ##     ##  ######  ########

You're about to initialize a Firebase project in this directory:

  /Volumes/D/TeleBot/TestBotTelegram

Before we get started, keep in mind:

  * You are currently outside your home directory

[info] 
=== Project Setup
[info] 
[info] First, let's associate this project directory with a Firebase project.
[info] You can create multiple project aliases by running firebase use --add, 
[info] but for now we'll just set up a default project.
[info] 
[debug] [2025-01-16T02:16:51.734Z] Checked if tokens are valid: false, expires at: 1736945411081
[debug] [2025-01-16T02:16:51.735Z] Checked if tokens are valid: false, expires at: 1736945411081
[debug] [2025-01-16T02:16:51.735Z] > refreshing access token with scopes: []
[debug] [2025-01-16T02:16:51.736Z] >>> [apiv2][query] POST https://www.googleapis.com/oauth2/v3/token [none]
[debug] [2025-01-16T02:16:51.736Z] >>> [apiv2][body] POST https://www.googleapis.com/oauth2/v3/token [omitted]
[debug] [2025-01-16T02:16:51.930Z] <<< [apiv2][status] POST https://www.googleapis.com/oauth2/v3/token 200
[debug] [2025-01-16T02:16:51.931Z] <<< [apiv2][body] POST https://www.googleapis.com/oauth2/v3/token [omitted]
[debug] [2025-01-16T02:16:51.946Z] >>> [apiv2][query] GET https://firebase.googleapis.com/v1beta1/projects pageSize=100
[debug] [2025-01-16T02:16:52.647Z] <<< [apiv2][status] GET https://firebase.googleapis.com/v1beta1/projects 200
[debug] [2025-01-16T02:16:52.647Z] <<< [apiv2][body] GET https://firebase.googleapis.com/v1beta1/projects [omitted]
[info] i  Using project testfirebasetele (TestFirebaseTele) 
[info] 
=== Dataconnect Setup
[debug] [2025-01-16T02:17:00.037Z] Checked if tokens are valid: true, expires at: 1736997410931
[debug] [2025-01-16T02:17:00.037Z] Checked if tokens are valid: true, expires at: 1736997410931
[debug] [2025-01-16T02:17:00.037Z] >>> [apiv2][query] GET https://cloudbilling.googleapis.com/v1/projects/testfirebasetele/billingInfo [none]
[debug] [2025-01-16T02:17:01.194Z] <<< [apiv2][status] GET https://cloudbilling.googleapis.com/v1/projects/testfirebasetele/billingInfo 200
[debug] [2025-01-16T02:17:01.195Z] <<< [apiv2][body] GET https://cloudbilling.googleapis.com/v1/projects/testfirebasetele/billingInfo {"name":"projects/testfirebasetele/billingInfo","projectId":"testfirebasetele","billingAccountName":"","billingEnabled":false}
[info] i  dataconnect: ensuring required API sqladmin.googleapis.com is enabled... 
[debug] [2025-01-16T02:17:01.196Z] Checked if tokens are valid: true, expires at: 1736997410931
[debug] [2025-01-16T02:17:01.196Z] Checked if tokens are valid: true, expires at: 1736997410931
[debug] [2025-01-16T02:17:01.196Z] >>> [apiv2][query] GET https://serviceusage.googleapis.com/v1/projects/testfirebasetele/services/sqladmin.googleapis.com [none]
[debug] [2025-01-16T02:17:01.196Z] >>> [apiv2][(partial)header] GET https://serviceusage.googleapis.com/v1/projects/testfirebasetele/services/sqladmin.googleapis.com x-goog-quota-user=projects/testfirebasetele
[debug] [2025-01-16T02:17:02.569Z] <<< [apiv2][status] GET https://serviceusage.googleapis.com/v1/projects/testfirebasetele/services/sqladmin.googleapis.com 200
[debug] [2025-01-16T02:17:02.570Z] <<< [apiv2][body] GET https://serviceusage.googleapis.com/v1/projects/testfirebasetele/services/sqladmin.googleapis.com [omitted]
[info] ✔  dataconnect: required API sqladmin.googleapis.com is enabled 
[info] i  dataconnect/dataconnect.yaml is unchanged 
[info] i  dataconnect/schema/schema.gql is unchanged 
[info] ✔  Wrote dataconnect/connector/connector.yaml 
[info] i  dataconnect/connector/queries.gql is unchanged 
[info] i  dataconnect/connector/mutations.gql is unchanged 
[info] ✔  Detected WEB app in directory /Volumes/D/TeleBot/TestBotTelegram 
[info] i  Wrote new config to /Volumes/D/TeleBot/TestBotTelegram/dataconnect/connector/connector.yaml 
[info] I0116 09:17:10.439675    8143 codegen.go:82] [connector "default" javascriptSdk] Generating sources into "/Volumes/D/TeleBot/TestBotTelegram/dataconnect-generated/js/default-connector"
I0116 09:17:10.443331    8143 generate.go:40] Generated all sources. Writing them to disk...
I0116 09:17:10.444279    8143 collector.go:107] connector "default" javascriptSdk wrote into "/Volumes/D/TeleBot/TestBotTelegram/dataconnect-generated/js/default-connector"
Generated sources: index.d.ts [264B] esm/index.esm.js [188B] esm/package.json [17B] index.cjs.js [229B] package.json [634B] 
I0116 09:17:10.445600    8143 installsdk.go:76] Running command: /usr/local/bin/npm install file:dataconnect-generated/js/default-connector
E0116 09:17:46.944003    8143 installsdk.go:78] Failed to install package: exit status 1

[info] i  Generated SDK code for default 
[info] ✔  If you'd like to add more generated SDKs to your app your later, run firebase init dataconnect:sdk again 
[info] i  If you'd like to provision a CloudSQL Postgres instance on the Firebase Data Connect no-cost trial:
1. Please upgrade to the pay-as-you-go (Blaze) billing plan. Visit the following page:
     https://console.firebase.google.com/project/testfirebasetele/usage/details
2. Run firebase init dataconnect again to configure the Cloud SQL instance.
3. Run firebase deploy --only dataconnect to deploy your Data Connect service. 
[info] 
=== Firestore Setup
[debug] [2025-01-16T02:17:46.948Z] Checked if tokens are valid: true, expires at: 1736997410931
[debug] [2025-01-16T02:17:46.948Z] Checked if tokens are valid: true, expires at: 1736997410931
[debug] [2025-01-16T02:17:46.948Z] >>> [apiv2][query] GET https://serviceusage.googleapis.com/v1/projects/testfirebasetele/services/firestore.googleapis.com [none]
[debug] [2025-01-16T02:17:46.948Z] >>> [apiv2][(partial)header] GET https://serviceusage.googleapis.com/v1/projects/testfirebasetele/services/firestore.googleapis.com x-goog-quota-user=projects/testfirebasetele
[debug] [2025-01-16T02:17:48.352Z] <<< [apiv2][status] GET https://serviceusage.googleapis.com/v1/projects/testfirebasetele/services/firestore.googleapis.com 200
[debug] [2025-01-16T02:17:48.352Z] <<< [apiv2][body] GET https://serviceusage.googleapis.com/v1/projects/testfirebasetele/services/firestore.googleapis.com [omitted]
[debug] [2025-01-16T02:17:48.352Z] Checked if tokens are valid: true, expires at: 1736997410931
[debug] [2025-01-16T02:17:48.353Z] Checked if tokens are valid: true, expires at: 1736997410931
[debug] [2025-01-16T02:17:48.353Z] >>> [apiv2][query] GET https://firestore.googleapis.com/v1/projects/testfirebasetele/databases/(default) [none]
[debug] [2025-01-16T02:17:49.634Z] <<< [apiv2][status] GET https://firestore.googleapis.com/v1/projects/testfirebasetele/databases/(default) 200
[debug] [2025-01-16T02:17:49.634Z] <<< [apiv2][body] GET https://firestore.googleapis.com/v1/projects/testfirebasetele/databases/(default) {"name":"projects/testfirebasetele/databases/(default)","uid":"537fd4a2-608c-4c70-93f5-bce62aa27b62","createTime":"2025-01-15T09:34:48.435612Z","updateTime":"2025-01-15T09:34:48.435612Z","locationId":"nam5","type":"FIRESTORE_NATIVE","concurrencyMode":"PESSIMISTIC","versionRetentionPeriod":"3600s","earliestVersionTime":"2025-01-16T01:17:46.890107Z","appEngineIntegrationMode":"DISABLED","keyPrefix":"s","pointInTimeRecoveryEnablement":"POINT_IN_TIME_RECOVERY_DISABLED","deleteProtectionState":"DELETE_PROTECTION_DISABLED","etag":"IIXzprOW+YoDMPSupfa294oD"}
[debug] [2025-01-16T02:17:49.635Z] database_type: FIRESTORE_NATIVE
[debug] [2025-01-16T02:17:49.635Z] database_type: FIRESTORE_NATIVE
[debug] [2025-01-16T02:17:49.635Z] > command requires scopes: ["email","openid","https://www.googleapis.com/auth/cloudplatformprojects.readonly","https://www.googleapis.com/auth/firebase","https://www.googleapis.com/auth/cloud-platform"]
[debug] [2025-01-16T02:17:49.635Z] > authorizing via signed-in user (leducnh2k1@gmail.com)
[debug] [2025-01-16T02:17:49.635Z] [iam] checking project testfirebasetele for permissions ["firebase.projects.get"]
[debug] [2025-01-16T02:17:49.636Z] Checked if tokens are valid: true, expires at: 1736997410931
[debug] [2025-01-16T02:17:49.636Z] Checked if tokens are valid: true, expires at: 1736997410931
[debug] [2025-01-16T02:17:49.636Z] >>> [apiv2][query] POST https://cloudresourcemanager.googleapis.com/v1/projects/testfirebasetele:testIamPermissions [none]
[debug] [2025-01-16T02:17:49.636Z] >>> [apiv2][(partial)header] POST https://cloudresourcemanager.googleapis.com/v1/projects/testfirebasetele:testIamPermissions x-goog-quota-user=projects/testfirebasetele
[debug] [2025-01-16T02:17:49.636Z] >>> [apiv2][body] POST https://cloudresourcemanager.googleapis.com/v1/projects/testfirebasetele:testIamPermissions {"permissions":["firebase.projects.get"]}
[debug] [2025-01-16T02:17:50.581Z] <<< [apiv2][status] POST https://cloudresourcemanager.googleapis.com/v1/projects/testfirebasetele:testIamPermissions 200
[debug] [2025-01-16T02:17:50.582Z] <<< [apiv2][body] POST https://cloudresourcemanager.googleapis.com/v1/projects/testfirebasetele:testIamPermissions {"permissions":["firebase.projects.get"]}
[info] 
[info] Firestore Security Rules allow you to define how and when to allow
[info] requests. You can keep these rules in your project directory
[info] and publish them with firebase deploy.
[info] 
[debug] [2025-01-16T02:20:13.220Z] Checked if tokens are valid: true, expires at: 1736997410931
[debug] [2025-01-16T02:20:13.221Z] Checked if tokens are valid: true, expires at: 1736997410931
[debug] [2025-01-16T02:20:13.221Z] >>> [apiv2][query] GET https://firebaserules.googleapis.com/v1/projects/testfirebasetele/releases pageSize=10&pageToken=
[debug] [2025-01-16T02:20:14.475Z] <<< [apiv2][status] GET https://firebaserules.googleapis.com/v1/projects/testfirebasetele/releases 200
[debug] [2025-01-16T02:20:14.476Z] <<< [apiv2][body] GET https://firebaserules.googleapis.com/v1/projects/testfirebasetele/releases {"releases":[{"name":"projects/testfirebasetele/releases/cloud.firestore","rulesetName":"projects/testfirebasetele/rulesets/f5d24e09-3b04-4de7-81cf-845162fa30fd","createTime":"2025-01-15T09:34:56.644187Z","updateTime":"2025-01-15T09:34:56.644187Z"}]}
[debug] [2025-01-16T02:20:14.477Z] Found ruleset: projects/testfirebasetele/rulesets/f5d24e09-3b04-4de7-81cf-845162fa30fd
[debug] [2025-01-16T02:20:14.477Z] Checked if tokens are valid: true, expires at: 1736997410931
[debug] [2025-01-16T02:20:14.477Z] Checked if tokens are valid: true, expires at: 1736997410931
[debug] [2025-01-16T02:20:14.477Z] >>> [apiv2][query] GET https://firebaserules.googleapis.com/v1/projects/testfirebasetele/rulesets/f5d24e09-3b04-4de7-81cf-845162fa30fd [none]
[debug] [2025-01-16T02:20:15.557Z] <<< [apiv2][status] GET https://firebaserules.googleapis.com/v1/projects/testfirebasetele/rulesets/f5d24e09-3b04-4de7-81cf-845162fa30fd 200
[debug] [2025-01-16T02:20:15.557Z] <<< [apiv2][body] GET https://firebaserules.googleapis.com/v1/projects/testfirebasetele/rulesets/f5d24e09-3b04-4de7-81cf-845162fa30fd [omitted]
[info] 
[info] Firestore indexes allow you to perform complex queries while
[info] maintaining performance that scales with the size of the result
[info] set. You can keep index definitions in your project directory
[info] and publish them with firebase deploy.
[info] 
[debug] [2025-01-16T02:21:31.565Z] Checked if tokens are valid: true, expires at: 1736997410931
[debug] [2025-01-16T02:21:31.565Z] Checked if tokens are valid: true, expires at: 1736997410931
[debug] [2025-01-16T02:21:31.565Z] Checked if tokens are valid: true, expires at: 1736997410931
[debug] [2025-01-16T02:21:31.565Z] Checked if tokens are valid: true, expires at: 1736997410931
[debug] [2025-01-16T02:21:31.565Z] >>> [apiv2][query] GET https://firestore.googleapis.com/v1/projects/testfirebasetele/databases/(default)/collectionGroups/-/indexes [none]
[debug] [2025-01-16T02:21:31.567Z] >>> [apiv2][query] GET https://firestore.googleapis.com/v1/projects/testfirebasetele/databases/(default)/collectionGroups/-/fields?filter=indexConfig.usesAncestorConfig=false OR ttlConfig:* [none]
[debug] [2025-01-16T02:21:32.918Z] <<< [apiv2][status] GET https://firestore.googleapis.com/v1/projects/testfirebasetele/databases/(default)/collectionGroups/-/indexes 200
[debug] [2025-01-16T02:21:32.919Z] <<< [apiv2][body] GET https://firestore.googleapis.com/v1/projects/testfirebasetele/databases/(default)/collectionGroups/-/indexes {}
[debug] [2025-01-16T02:21:32.919Z] <<< [apiv2][status] GET https://firestore.googleapis.com/v1/projects/testfirebasetele/databases/(default)/collectionGroups/-/fields?filter=indexConfig.usesAncestorConfig=false OR ttlConfig:* 200
[debug] [2025-01-16T02:21:32.919Z] <<< [apiv2][body] GET https://firestore.googleapis.com/v1/projects/testfirebasetele/databases/(default)/collectionGroups/-/fields?filter=indexConfig.usesAncestorConfig=false OR ttlConfig:* {"fields":[{"name":"projects/testfirebasetele/databases/(default)/collectionGroups/__default__/fields/*","indexConfig":{"indexes":[{"queryScope":"COLLECTION","fields":[{"fieldPath":"*","order":"ASCENDING"}],"state":"READY"},{"queryScope":"COLLECTION","fields":[{"fieldPath":"*","order":"DESCENDING"}],"state":"READY"},{"queryScope":"COLLECTION","fields":[{"fieldPath":"*","arrayConfig":"CONTAINS"}],"state":"READY"}]}}]}
[info] 
=== Genkit Setup
[debug] [2025-01-16T02:22:07.693Z] > command requires scopes: ["email","openid","https://www.googleapis.com/auth/cloudplatformprojects.readonly","https://www.googleapis.com/auth/firebase","https://www.googleapis.com/auth/cloud-platform"]
[debug] [2025-01-16T02:22:07.693Z] > authorizing via signed-in user (leducnh2k1@gmail.com)
[debug] [2025-01-16T02:22:07.693Z] [iam] checking project testfirebasetele for permissions ["firebase.projects.get"]
[debug] [2025-01-16T02:22:07.693Z] Checked if tokens are valid: true, expires at: 1736997410931
[debug] [2025-01-16T02:22:07.693Z] Checked if tokens are valid: true, expires at: 1736997410931
[debug] [2025-01-16T02:22:07.693Z] >>> [apiv2][query] POST https://cloudresourcemanager.googleapis.com/v1/projects/testfirebasetele:testIamPermissions [none]
[debug] [2025-01-16T02:22:07.693Z] >>> [apiv2][(partial)header] POST https://cloudresourcemanager.googleapis.com/v1/projects/testfirebasetele:testIamPermissions x-goog-quota-user=projects/testfirebasetele
[debug] [2025-01-16T02:22:07.693Z] >>> [apiv2][body] POST https://cloudresourcemanager.googleapis.com/v1/projects/testfirebasetele:testIamPermissions {"permissions":["firebase.projects.get"]}
[debug] [2025-01-16T02:22:08.757Z] <<< [apiv2][status] POST https://cloudresourcemanager.googleapis.com/v1/projects/testfirebasetele:testIamPermissions 200
[debug] [2025-01-16T02:22:08.757Z] <<< [apiv2][body] POST https://cloudresourcemanager.googleapis.com/v1/projects/testfirebasetele:testIamPermissions {"permissions":["firebase.projects.get"]}
[debug] [2025-01-16T02:22:08.757Z] Checked if tokens are valid: true, expires at: 1736997410931
[debug] [2025-01-16T02:22:08.757Z] Checked if tokens are valid: true, expires at: 1736997410931
[debug] [2025-01-16T02:22:08.757Z] Checked if tokens are valid: true, expires at: 1736997410931
[debug] [2025-01-16T02:22:08.757Z] Checked if tokens are valid: true, expires at: 1736997410931
[debug] [2025-01-16T02:22:08.758Z] >>> [apiv2][query] GET https://serviceusage.googleapis.com/v1/projects/testfirebasetele/services/cloudfunctions.googleapis.com [none]
[debug] [2025-01-16T02:22:08.758Z] >>> [apiv2][(partial)header] GET https://serviceusage.googleapis.com/v1/projects/testfirebasetele/services/cloudfunctions.googleapis.com x-goog-quota-user=projects/testfirebasetele
[debug] [2025-01-16T02:22:08.759Z] >>> [apiv2][query] GET https://serviceusage.googleapis.com/v1/projects/testfirebasetele/services/runtimeconfig.googleapis.com [none]
[debug] [2025-01-16T02:22:08.759Z] >>> [apiv2][(partial)header] GET https://serviceusage.googleapis.com/v1/projects/testfirebasetele/services/runtimeconfig.googleapis.com x-goog-quota-user=projects/testfirebasetele
[debug] [2025-01-16T02:22:10.085Z] <<< [apiv2][status] GET https://serviceusage.googleapis.com/v1/projects/testfirebasetele/services/runtimeconfig.googleapis.com 200
[debug] [2025-01-16T02:22:10.086Z] <<< [apiv2][body] GET https://serviceusage.googleapis.com/v1/projects/testfirebasetele/services/runtimeconfig.googleapis.com [omitted]
[debug] [2025-01-16T02:22:10.092Z] <<< [apiv2][status] GET https://serviceusage.googleapis.com/v1/projects/testfirebasetele/services/cloudfunctions.googleapis.com 200
[debug] [2025-01-16T02:22:10.092Z] <<< [apiv2][body] GET https://serviceusage.googleapis.com/v1/projects/testfirebasetele/services/cloudfunctions.googleapis.com [omitted]
[info] Let's create a new codebase for your functions.
[info] A directory corresponding to the codebase will be created in your project
[info] with sample code pre-configured.

[info] See https://firebase.google.com/docs/functions/organize-functions for
[info] more information on organizing your functions using codebases.

[info] Functions can be deployed with firebase deploy.

[info] i  functions/package.json is unchanged 
[info] i  functions/.eslintrc.js is unchanged 
[info] i  functions/tsconfig.json is unchanged 
[info] i  functions/tsconfig.dev.json is unchanged 
[info] i  functions/src/index.ts is unchanged 
[info] ✔  Wrote functions/.gitignore 
[info] 
[error] NPM install failed, continuing with Firebase initialization...
[info] 
